<?xml version="1.0" encoding="UTF-8"?>
<testng-results ignored="0" total="1" passed="1" failed="0" skipped="0">
  <reporter-output>
  </reporter-output>
  <suite started-at="2024-01-22T16:28:17 IST" name="Default suite" finished-at="2024-01-22T16:29:09 IST" duration-ms="51835">
    <groups>
      <group name="cucumber">
        <method signature="AbstractTestNGCucumberTests.runScenario(io.cucumber.testng.PickleWrapper,io.cucumber.testng.FeatureWrapper)[pri:0, instance:mphasis.FirstCry.testSteps.TestRunner@9d5509a]" name="runScenario" class="io.cucumber.testng.AbstractTestNGCucumberTests"/>
      </group> <!-- cucumber -->
    </groups>
    <test started-at="2024-01-22T16:28:17 IST" name="Default test" finished-at="2024-01-22T16:29:09 IST" duration-ms="51835">
      <class name="mphasis.FirstCry.testSteps.TestRunner">
        <test-method is-config="true" signature="setUpClass(org.testng.ITestContext)[pri:0, instance:mphasis.FirstCry.testSteps.TestRunner@9d5509a]" started-at="2024-01-22T16:28:17 IST" name="setUpClass" finished-at="2024-01-22T16:28:18 IST" duration-ms="407" status="PASS">
          <params>
            <param index="0">
              <value>
                <![CDATA[org.testng.TestRunner@4e8b357d]]>
              </value>
            </param>
          </params>
          <reporter-output>
          </reporter-output>
        </test-method> <!-- setUpClass -->
        <test-method signature="runScenario(io.cucumber.testng.PickleWrapper,io.cucumber.testng.FeatureWrapper)[pri:0, instance:mphasis.FirstCry.testSteps.TestRunner@9d5509a]" started-at="2024-01-22T16:28:18 IST" name="runScenario" description="Runs Cucumber Scenarios" data-provider="scenarios" finished-at="2024-01-22T16:29:09 IST" duration-ms="51322" status="PASS">
          <params>
            <param index="0">
              <value>
                <![CDATA["User edits their profile information"]]>
              </value>
            </param>
            <param index="1">
              <value>
                <![CDATA["MyProfile Functionality"]]>
              </value>
            </param>
          </params>
          <reporter-output>
          </reporter-output>
        </test-method> <!-- runScenario -->
        <test-method is-config="true" signature="tearDownClass()[pri:0, instance:mphasis.FirstCry.testSteps.TestRunner@9d5509a]" started-at="2024-01-22T16:29:09 IST" name="tearDownClass" finished-at="2024-01-22T16:29:09 IST" duration-ms="59" status="PASS">
          <reporter-output>
          </reporter-output>
        </test-method> <!-- tearDownClass -->
      </class> <!-- mphasis.FirstCry.testSteps.TestRunner -->
    </test> <!-- Default test -->
  </suite> <!-- Default suite -->
</testng-results>
